<?xml version="1.0" encoding="UTF-8"?>
<testng-results ignored="0" total="1" passed="1" failed="0" skipped="0">
  <reporter-output>
  </reporter-output>
  <suite started-at="2020-06-10T01:52:59 IST" name="Surefire suite" finished-at="2020-06-10T01:53:31 IST" duration-ms="31778">
    <groups>
    </groups>
    <test started-at="2020-06-10T01:52:59 IST" name="Surefire test" finished-at="2020-06-10T01:53:31 IST" duration-ms="31778">
      <class name="JenkinsMaven">
        <test-method signature="searchTest()[pri:0, instance:JenkinsMaven@4df828d7]" started-at="2020-06-10T01:52:59 IST" name="searchTest" finished-at="2020-06-10T01:53:31 IST" duration-ms="31632" status="PASS">
          <reporter-output>
          </reporter-output>
        </test-method> <!-- searchTest -->
      </class> <!-- JenkinsMaven -->
    </test> <!-- Surefire test -->
  </suite> <!-- Surefire suite -->
</testng-results>
