<?xml version="1.0" encoding="UTF-8"?>
<testng-results skipped="0" failed="0" ignored="0" total="1" passed="1">
  <reporter-output>
  </reporter-output>
  <suite name="Default suite" duration-ms="23171" started-at="2020-06-08T03:43:25 IST" finished-at="2020-06-08T03:43:48 IST">
    <groups>
    </groups>
    <test name="Default test" duration-ms="23171" started-at="2020-06-08T03:43:25 IST" finished-at="2020-06-08T03:43:48 IST">
      <class name="JenkinsMaven">
        <test-method status="PASS" signature="searchTest()[pri:0, instance:JenkinsMaven@34cd072c]" name="searchTest" duration-ms="23074" started-at="2020-06-08T03:43:25 IST" finished-at="2020-06-08T03:43:48 IST">
          <reporter-output>
          </reporter-output>
        </test-method> <!-- searchTest -->
      </class> <!-- JenkinsMaven -->
    </test> <!-- Default test -->
  </suite> <!-- Default suite -->
</testng-results>
